{"C:\\Users\\frank\\cosc_4353\\backend\\server2.js": {"path":"C:\\Users\\frank\\cosc_4353\\backend\\server2.js","statementMap":{"0":{"start":{"line":1,"column":16},"end":{"line":1,"column":34}},"1":{"start":{"line":2,"column":12},"end":{"line":2,"column":21}},"2":{"start":{"line":3,"column":13},"end":{"line":3,"column":28}},"3":{"start":{"line":4,"column":19},"end":{"line":4,"column":41}},"4":{"start":{"line":5,"column":18},"end":{"line":5,"column":48}},"5":{"start":{"line":6,"column":18},"end":{"line":6,"column":47}},"6":{"start":{"line":7,"column":17},"end":{"line":7,"column":36}},"7":{"start":{"line":12,"column":0},"end":{"line":12,"column":71}},"8":{"start":{"line":13,"column":0},"end":{"line":13,"column":24}},"9":{"start":{"line":14,"column":0},"end":{"line":16,"column":4}},"10":{"start":{"line":19,"column":0},"end":{"line":22,"column":3}},"11":{"start":{"line":21,"column":7},"end":{"line":21,"column":33}},"12":{"start":{"line":26,"column":0},"end":{"line":26,"column":34}},"13":{"start":{"line":27,"column":0},"end":{"line":27,"column":38}},"14":{"start":{"line":85,"column":0},"end":{"line":91,"column":3}},"15":{"start":{"line":87,"column":17},"end":{"line":87,"column":33}},"16":{"start":{"line":88,"column":4},"end":{"line":88,"column":28}},"17":{"start":{"line":90,"column":4},"end":{"line":90,"column":21}},"18":{"start":{"line":93,"column":0},"end":{"line":93,"column":21}}},"fnMap":{"0":{"name":"(anonymous_0)","decl":{"start":{"line":19,"column":13},"end":{"line":19,"column":14}},"loc":{"start":{"line":19,"column":33},"end":{"line":22,"column":1}},"line":19},"1":{"name":"(anonymous_1)","decl":{"start":{"line":86,"column":6},"end":{"line":86,"column":7}},"loc":{"start":{"line":86,"column":11},"end":{"line":89,"column":1}},"line":86},"2":{"name":"(anonymous_2)","decl":{"start":{"line":89,"column":11},"end":{"line":89,"column":12}},"loc":{"start":{"line":89,"column":18},"end":{"line":91,"column":1}},"line":89}},"branchMap":{},"s":{"0":1,"1":1,"2":1,"3":1,"4":1,"5":1,"6":1,"7":1,"8":1,"9":1,"10":1,"11":0,"12":1,"13":1,"14":1,"15":1,"16":1,"17":0,"18":1},"f":{"0":0,"1":1,"2":0},"b":{},"_coverageSchema":"1a1c01bbd47fc00a2c39e90264f33305004495a9","hash":"4e31820e2e05c5501d51d45e45d8bb80f621d775"}
,"C:\\Users\\frank\\cosc_4353\\backend\\controllers\\fuel.js": {"path":"C:\\Users\\frank\\cosc_4353\\backend\\controllers\\fuel.js","statementMap":{"0":{"start":{"line":1,"column":34},"end":{"line":1,"column":62}},"1":{"start":{"line":2,"column":20},"end":{"line":2,"column":52}},"2":{"start":{"line":3,"column":22},"end":{"line":3,"column":57}},"3":{"start":{"line":7,"column":20},"end":{"line":7,"column":143}},"4":{"start":{"line":9,"column":0},"end":{"line":17,"column":1}},"5":{"start":{"line":10,"column":4},"end":{"line":16,"column":5}},"6":{"start":{"line":12,"column":12},"end":{"line":14,"column":13}},"7":{"start":{"line":20,"column":18},"end":{"line":71,"column":1}},"8":{"start":{"line":27,"column":78},"end":{"line":27,"column":86}},"9":{"start":{"line":30,"column":19},"end":{"line":30,"column":68}},"10":{"start":{"line":31,"column":4},"end":{"line":31,"column":29}},"11":{"start":{"line":32,"column":4},"end":{"line":37,"column":5}},"12":{"start":{"line":33,"column":4},"end":{"line":33,"column":32}},"13":{"start":{"line":36,"column":4},"end":{"line":36,"column":32}},"14":{"start":{"line":38,"column":4},"end":{"line":43,"column":5}},"15":{"start":{"line":39,"column":4},"end":{"line":39,"column":32}},"16":{"start":{"line":42,"column":4},"end":{"line":42,"column":32}},"17":{"start":{"line":44,"column":24},"end":{"line":44,"column":71}},"18":{"start":{"line":45,"column":4},"end":{"line":47,"column":5}},"19":{"start":{"line":46,"column":4},"end":{"line":46,"column":32}},"20":{"start":{"line":48,"column":4},"end":{"line":48,"column":38}},"21":{"start":{"line":49,"column":4},"end":{"line":49,"column":36}},"22":{"start":{"line":50,"column":4},"end":{"line":50,"column":47}},"23":{"start":{"line":51,"column":4},"end":{"line":64,"column":5}},"24":{"start":{"line":52,"column":29},"end":{"line":59,"column":10}},"25":{"start":{"line":60,"column":8},"end":{"line":60,"column":34}},"26":{"start":{"line":62,"column":8},"end":{"line":62,"column":56}},"27":{"start":{"line":63,"column":8},"end":{"line":63,"column":15}},"28":{"start":{"line":70,"column":4},"end":{"line":70,"column":56}},"29":{"start":{"line":73,"column":0},"end":{"line":73,"column":30}}},"fnMap":{"0":{"name":"(anonymous_0)","decl":{"start":{"line":9,"column":19},"end":{"line":9,"column":20}},"loc":{"start":{"line":9,"column":31},"end":{"line":17,"column":1}},"line":9},"1":{"name":"(anonymous_1)","decl":{"start":{"line":20,"column":18},"end":{"line":20,"column":19}},"loc":{"start":{"line":20,"column":37},"end":{"line":71,"column":1}},"line":20}},"branchMap":{"0":{"loc":{"start":{"line":10,"column":4},"end":{"line":16,"column":5}},"type":"switch","locations":[{"start":{"line":11,"column":8},"end":{"line":15,"column":9}}],"line":10},"1":{"loc":{"start":{"line":32,"column":4},"end":{"line":37,"column":5}},"type":"if","locations":[{"start":{"line":32,"column":4},"end":{"line":37,"column":5}},{"start":{"line":35,"column":9},"end":{"line":37,"column":5}}],"line":32},"2":{"loc":{"start":{"line":38,"column":4},"end":{"line":43,"column":5}},"type":"if","locations":[{"start":{"line":38,"column":4},"end":{"line":43,"column":5}},{"start":{"line":41,"column":9},"end":{"line":43,"column":5}}],"line":38},"3":{"loc":{"start":{"line":45,"column":4},"end":{"line":47,"column":5}},"type":"if","locations":[{"start":{"line":45,"column":4},"end":{"line":47,"column":5}},{"start":{},"end":{}}],"line":45}},"s":{"0":1,"1":1,"2":1,"3":1,"4":1,"5":1,"6":1,"7":1,"8":1,"9":1,"10":1,"11":1,"12":1,"13":0,"14":1,"15":0,"16":1,"17":1,"18":1,"19":1,"20":1,"21":1,"22":1,"23":1,"24":1,"25":1,"26":0,"27":0,"28":1,"29":1},"f":{"0":1,"1":1},"b":{"0":[1],"1":[1,0],"2":[0,1],"3":[1,0]},"_coverageSchema":"1a1c01bbd47fc00a2c39e90264f33305004495a9","hash":"3616737683f4e16272f8c644ce5dd0d744e48a2b"}
,"C:\\Users\\frank\\cosc_4353\\backend\\controllers\\user.js": {"path":"C:\\Users\\frank\\cosc_4353\\backend\\controllers\\user.js","statementMap":{"0":{"start":{"line":1,"column":34},"end":{"line":1,"column":62}},"1":{"start":{"line":2,"column":19},"end":{"line":2,"column":50}},"2":{"start":{"line":3,"column":22},"end":{"line":3,"column":57}},"3":{"start":{"line":4,"column":15},"end":{"line":4,"column":32}},"4":{"start":{"line":8,"column":20},"end":{"line":8,"column":66}},"5":{"start":{"line":10,"column":20},"end":{"line":10,"column":154}},"6":{"start":{"line":11,"column":21},"end":{"line":11,"column":145}},"7":{"start":{"line":27,"column":0},"end":{"line":48,"column":1}},"8":{"start":{"line":28,"column":4},"end":{"line":47,"column":5}},"9":{"start":{"line":30,"column":12},"end":{"line":33,"column":13}},"10":{"start":{"line":36,"column":12},"end":{"line":39,"column":13}},"11":{"start":{"line":42,"column":12},"end":{"line":45,"column":13}},"12":{"start":{"line":55,"column":14},"end":{"line":74,"column":1}},"13":{"start":{"line":72,"column":4},"end":{"line":72,"column":33}},"14":{"start":{"line":76,"column":14},"end":{"line":120,"column":1}},"15":{"start":{"line":77,"column":19},"end":{"line":77,"column":40}},"16":{"start":{"line":78,"column":4},"end":{"line":81,"column":5}},"17":{"start":{"line":79,"column":8},"end":{"line":79,"column":56}},"18":{"start":{"line":80,"column":8},"end":{"line":80,"column":15}},"19":{"start":{"line":83,"column":33},"end":{"line":83,"column":41}},"20":{"start":{"line":95,"column":4},"end":{"line":105,"column":5}},"21":{"start":{"line":96,"column":8},"end":{"line":96,"column":66}},"22":{"start":{"line":98,"column":8},"end":{"line":101,"column":9}},"23":{"start":{"line":99,"column":12},"end":{"line":99,"column":58}},"24":{"start":{"line":100,"column":12},"end":{"line":100,"column":19}},"25":{"start":{"line":103,"column":8},"end":{"line":103,"column":54}},"26":{"start":{"line":104,"column":8},"end":{"line":104,"column":15}},"27":{"start":{"line":108,"column":4},"end":{"line":113,"column":5}},"28":{"start":{"line":109,"column":8},"end":{"line":109,"column":68}},"29":{"start":{"line":111,"column":8},"end":{"line":111,"column":54}},"30":{"start":{"line":112,"column":8},"end":{"line":112,"column":15}},"31":{"start":{"line":114,"column":4},"end":{"line":117,"column":5}},"32":{"start":{"line":115,"column":8},"end":{"line":115,"column":54}},"33":{"start":{"line":116,"column":8},"end":{"line":116,"column":15}},"34":{"start":{"line":119,"column":4},"end":{"line":119,"column":44}},"35":{"start":{"line":122,"column":21},"end":{"line":156,"column":1}},"36":{"start":{"line":123,"column":19},"end":{"line":123,"column":40}},"37":{"start":{"line":124,"column":4},"end":{"line":127,"column":5}},"38":{"start":{"line":125,"column":8},"end":{"line":125,"column":56}},"39":{"start":{"line":126,"column":8},"end":{"line":126,"column":15}},"40":{"start":{"line":129,"column":33},"end":{"line":129,"column":41}},"41":{"start":{"line":130,"column":4},"end":{"line":135,"column":7}},"42":{"start":{"line":131,"column":8},"end":{"line":131,"column":62}},"43":{"start":{"line":133,"column":9},"end":{"line":135,"column":7}},"44":{"start":{"line":134,"column":8},"end":{"line":134,"column":63}},"45":{"start":{"line":137,"column":4},"end":{"line":146,"column":5}},"46":{"start":{"line":138,"column":8},"end":{"line":138,"column":50}},"47":{"start":{"line":139,"column":23},"end":{"line":142,"column":10}},"48":{"start":{"line":143,"column":8},"end":{"line":143,"column":22}},"49":{"start":{"line":145,"column":8},"end":{"line":145,"column":60}},"50":{"start":{"line":153,"column":4},"end":{"line":153,"column":54}},"51":{"start":{"line":158,"column":24},"end":{"line":222,"column":1}},"52":{"start":{"line":159,"column":19},"end":{"line":159,"column":40}},"53":{"start":{"line":160,"column":4},"end":{"line":163,"column":5}},"54":{"start":{"line":161,"column":8},"end":{"line":161,"column":56}},"55":{"start":{"line":162,"column":8},"end":{"line":162,"column":15}},"56":{"start":{"line":164,"column":79},"end":{"line":164,"column":87}},"57":{"start":{"line":167,"column":4},"end":{"line":170,"column":5}},"58":{"start":{"line":168,"column":8},"end":{"line":168,"column":56}},"59":{"start":{"line":169,"column":8},"end":{"line":169,"column":15}},"60":{"start":{"line":171,"column":4},"end":{"line":174,"column":5}},"61":{"start":{"line":172,"column":8},"end":{"line":172,"column":56}},"62":{"start":{"line":173,"column":8},"end":{"line":173,"column":15}},"63":{"start":{"line":175,"column":4},"end":{"line":178,"column":5}},"64":{"start":{"line":176,"column":8},"end":{"line":176,"column":56}},"65":{"start":{"line":177,"column":8},"end":{"line":177,"column":15}},"66":{"start":{"line":179,"column":4},"end":{"line":182,"column":5}},"67":{"start":{"line":180,"column":8},"end":{"line":180,"column":56}},"68":{"start":{"line":181,"column":8},"end":{"line":181,"column":15}},"69":{"start":{"line":183,"column":4},"end":{"line":186,"column":5}},"70":{"start":{"line":184,"column":8},"end":{"line":184,"column":56}},"71":{"start":{"line":185,"column":8},"end":{"line":185,"column":15}},"72":{"start":{"line":187,"column":4},"end":{"line":190,"column":5}},"73":{"start":{"line":188,"column":8},"end":{"line":188,"column":56}},"74":{"start":{"line":189,"column":8},"end":{"line":189,"column":15}},"75":{"start":{"line":199,"column":4},"end":{"line":203,"column":5}},"76":{"start":{"line":200,"column":8},"end":{"line":200,"column":69}},"77":{"start":{"line":202,"column":8},"end":{"line":202,"column":56}},"78":{"start":{"line":205,"column":24},"end":{"line":214,"column":6}},"79":{"start":{"line":215,"column":4},"end":{"line":219,"column":5}},"80":{"start":{"line":216,"column":8},"end":{"line":216,"column":33}},"81":{"start":{"line":218,"column":8},"end":{"line":218,"column":56}},"82":{"start":{"line":220,"column":4},"end":{"line":220,"column":47}},"83":{"start":{"line":226,"column":0},"end":{"line":226,"column":22}},"84":{"start":{"line":227,"column":0},"end":{"line":227,"column":36}},"85":{"start":{"line":228,"column":0},"end":{"line":228,"column":22}},"86":{"start":{"line":229,"column":0},"end":{"line":229,"column":42}}},"fnMap":{"0":{"name":"(anonymous_0)","decl":{"start":{"line":27,"column":19},"end":{"line":27,"column":20}},"loc":{"start":{"line":27,"column":31},"end":{"line":48,"column":1}},"line":27},"1":{"name":"(anonymous_1)","decl":{"start":{"line":55,"column":14},"end":{"line":55,"column":15}},"loc":{"start":{"line":55,"column":32},"end":{"line":74,"column":1}},"line":55},"2":{"name":"(anonymous_2)","decl":{"start":{"line":76,"column":14},"end":{"line":76,"column":15}},"loc":{"start":{"line":76,"column":32},"end":{"line":120,"column":1}},"line":76},"3":{"name":"(anonymous_3)","decl":{"start":{"line":122,"column":21},"end":{"line":122,"column":22}},"loc":{"start":{"line":122,"column":40},"end":{"line":156,"column":1}},"line":122},"4":{"name":"(anonymous_4)","decl":{"start":{"line":158,"column":24},"end":{"line":158,"column":25}},"loc":{"start":{"line":158,"column":43},"end":{"line":222,"column":1}},"line":158}},"branchMap":{"0":{"loc":{"start":{"line":28,"column":4},"end":{"line":47,"column":5}},"type":"switch","locations":[{"start":{"line":29,"column":8},"end":{"line":34,"column":9}},{"start":{"line":35,"column":8},"end":{"line":40,"column":9}},{"start":{"line":41,"column":8},"end":{"line":46,"column":9}}],"line":28},"1":{"loc":{"start":{"line":78,"column":4},"end":{"line":81,"column":5}},"type":"if","locations":[{"start":{"line":78,"column":4},"end":{"line":81,"column":5}},{"start":{},"end":{}}],"line":78},"2":{"loc":{"start":{"line":98,"column":8},"end":{"line":101,"column":9}},"type":"if","locations":[{"start":{"line":98,"column":8},"end":{"line":101,"column":9}},{"start":{},"end":{}}],"line":98},"3":{"loc":{"start":{"line":114,"column":4},"end":{"line":117,"column":5}},"type":"if","locations":[{"start":{"line":114,"column":4},"end":{"line":117,"column":5}},{"start":{},"end":{}}],"line":114},"4":{"loc":{"start":{"line":124,"column":4},"end":{"line":127,"column":5}},"type":"if","locations":[{"start":{"line":124,"column":4},"end":{"line":127,"column":5}},{"start":{},"end":{}}],"line":124},"5":{"loc":{"start":{"line":130,"column":4},"end":{"line":135,"column":7}},"type":"if","locations":[{"start":{"line":130,"column":4},"end":{"line":135,"column":7}},{"start":{"line":133,"column":9},"end":{"line":135,"column":7}}],"line":130},"6":{"loc":{"start":{"line":133,"column":9},"end":{"line":135,"column":7}},"type":"if","locations":[{"start":{"line":133,"column":9},"end":{"line":135,"column":7}},{"start":{},"end":{}}],"line":133},"7":{"loc":{"start":{"line":160,"column":4},"end":{"line":163,"column":5}},"type":"if","locations":[{"start":{"line":160,"column":4},"end":{"line":163,"column":5}},{"start":{},"end":{}}],"line":160},"8":{"loc":{"start":{"line":167,"column":4},"end":{"line":170,"column":5}},"type":"if","locations":[{"start":{"line":167,"column":4},"end":{"line":170,"column":5}},{"start":{},"end":{}}],"line":167},"9":{"loc":{"start":{"line":171,"column":4},"end":{"line":174,"column":5}},"type":"if","locations":[{"start":{"line":171,"column":4},"end":{"line":174,"column":5}},{"start":{},"end":{}}],"line":171},"10":{"loc":{"start":{"line":175,"column":4},"end":{"line":178,"column":5}},"type":"if","locations":[{"start":{"line":175,"column":4},"end":{"line":178,"column":5}},{"start":{},"end":{}}],"line":175},"11":{"loc":{"start":{"line":179,"column":4},"end":{"line":182,"column":5}},"type":"if","locations":[{"start":{"line":179,"column":4},"end":{"line":182,"column":5}},{"start":{},"end":{}}],"line":179},"12":{"loc":{"start":{"line":183,"column":4},"end":{"line":186,"column":5}},"type":"if","locations":[{"start":{"line":183,"column":4},"end":{"line":186,"column":5}},{"start":{},"end":{}}],"line":183},"13":{"loc":{"start":{"line":187,"column":4},"end":{"line":190,"column":5}},"type":"if","locations":[{"start":{"line":187,"column":4},"end":{"line":190,"column":5}},{"start":{},"end":{}}],"line":187}},"s":{"0":1,"1":1,"2":1,"3":1,"4":1,"5":1,"6":1,"7":1,"8":3,"9":1,"10":1,"11":1,"12":1,"13":0,"14":1,"15":2,"16":2,"17":0,"18":0,"19":2,"20":2,"21":2,"22":2,"23":1,"24":1,"25":0,"26":0,"27":1,"28":1,"29":0,"30":0,"31":1,"32":0,"33":0,"34":1,"35":1,"36":3,"37":3,"38":0,"39":0,"40":3,"41":3,"42":1,"43":2,"44":1,"45":1,"46":1,"47":1,"48":1,"49":0,"50":1,"51":1,"52":7,"53":7,"54":0,"55":0,"56":7,"57":7,"58":1,"59":1,"60":6,"61":1,"62":1,"63":5,"64":1,"65":1,"66":4,"67":1,"68":1,"69":3,"70":1,"71":1,"72":2,"73":1,"74":1,"75":1,"76":1,"77":0,"78":1,"79":1,"80":1,"81":0,"82":1,"83":1,"84":1,"85":1,"86":1},"f":{"0":3,"1":0,"2":2,"3":3,"4":7},"b":{"0":[1,1,1],"1":[0,2],"2":[1,1],"3":[0,1],"4":[0,3],"5":[1,2],"6":[1,1],"7":[0,7],"8":[1,6],"9":[1,5],"10":[1,4],"11":[1,3],"12":[1,2],"13":[1,1]},"_coverageSchema":"1a1c01bbd47fc00a2c39e90264f33305004495a9","hash":"0b94e36914ca16e469f72bdfd355d3724a0be7e8"}
,"C:\\Users\\frank\\cosc_4353\\backend\\models\\quoteSchema.js": {"path":"C:\\Users\\frank\\cosc_4353\\backend\\models\\quoteSchema.js","statementMap":{"0":{"start":{"line":1,"column":17},"end":{"line":1,"column":36}},"1":{"start":{"line":3,"column":0},"end":{"line":11,"column":3}},"2":{"start":{"line":13,"column":20},"end":{"line":13,"column":64}},"3":{"start":{"line":14,"column":0},"end":{"line":14,"column":29}}},"fnMap":{},"branchMap":{},"s":{"0":1,"1":1,"2":1,"3":1},"f":{},"b":{},"_coverageSchema":"1a1c01bbd47fc00a2c39e90264f33305004495a9","hash":"a774ca7300157bd25d6156aa23e0859b79183149"}
,"C:\\Users\\frank\\cosc_4353\\backend\\models\\userInfoSchema.js": {"path":"C:\\Users\\frank\\cosc_4353\\backend\\models\\userInfoSchema.js","statementMap":{"0":{"start":{"line":1,"column":17},"end":{"line":1,"column":36}},"1":{"start":{"line":3,"column":23},"end":{"line":12,"column":2}},"2":{"start":{"line":14,"column":24},"end":{"line":14,"column":66}},"3":{"start":{"line":15,"column":0},"end":{"line":15,"column":33}}},"fnMap":{},"branchMap":{},"s":{"0":1,"1":1,"2":1,"3":1},"f":{},"b":{},"_coverageSchema":"1a1c01bbd47fc00a2c39e90264f33305004495a9","hash":"795735add626c33751e333da16bc89a730a05589"}
,"C:\\Users\\frank\\cosc_4353\\backend\\models\\userSchema.js": {"path":"C:\\Users\\frank\\cosc_4353\\backend\\models\\userSchema.js","statementMap":{"0":{"start":{"line":1,"column":17},"end":{"line":1,"column":36}},"1":{"start":{"line":3,"column":19},"end":{"line":6,"column":2}},"2":{"start":{"line":8,"column":14},"end":{"line":8,"column":48}},"3":{"start":{"line":9,"column":0},"end":{"line":9,"column":23}}},"fnMap":{},"branchMap":{},"s":{"0":1,"1":1,"2":1,"3":1},"f":{},"b":{},"_coverageSchema":"1a1c01bbd47fc00a2c39e90264f33305004495a9","hash":"65f01fb074eb2cfcb787a7bd67c61a11a66071a1"}
,"C:\\Users\\frank\\cosc_4353\\backend\\routes\\fuelRoute.js": {"path":"C:\\Users\\frank\\cosc_4353\\backend\\routes\\fuelRoute.js","statementMap":{"0":{"start":{"line":1,"column":16},"end":{"line":1,"column":34}},"1":{"start":{"line":2,"column":15},"end":{"line":2,"column":31}},"2":{"start":{"line":3,"column":20},"end":{"line":3,"column":50}},"3":{"start":{"line":6,"column":0},"end":{"line":6,"column":87}},"4":{"start":{"line":8,"column":0},"end":{"line":8,"column":24}}},"fnMap":{},"branchMap":{},"s":{"0":1,"1":1,"2":1,"3":1,"4":1},"f":{},"b":{},"_coverageSchema":"1a1c01bbd47fc00a2c39e90264f33305004495a9","hash":"b38796e86c76887cb1ba3011d23c23dbc459f098"}
,"C:\\Users\\frank\\cosc_4353\\backend\\routes\\userRoutes.js": {"path":"C:\\Users\\frank\\cosc_4353\\backend\\routes\\userRoutes.js","statementMap":{"0":{"start":{"line":1,"column":16},"end":{"line":1,"column":34}},"1":{"start":{"line":2,"column":15},"end":{"line":2,"column":31}},"2":{"start":{"line":4,"column":20},"end":{"line":4,"column":50}},"3":{"start":{"line":8,"column":0},"end":{"line":8,"column":87}},"4":{"start":{"line":10,"column":0},"end":{"line":10,"column":77}},"5":{"start":{"line":12,"column":0},"end":{"line":12,"column":52}},"6":{"start":{"line":14,"column":0},"end":{"line":14,"column":103}},"7":{"start":{"line":16,"column":0},"end":{"line":16,"column":24}}},"fnMap":{},"branchMap":{},"s":{"0":1,"1":1,"2":1,"3":1,"4":1,"5":1,"6":1,"7":1},"f":{},"b":{},"_coverageSchema":"1a1c01bbd47fc00a2c39e90264f33305004495a9","hash":"f4748125f9fa83d199ebff59e8ede5f977b17567"}
}
