TN:
SF:server2.js
FN:19,(anonymous_0)
FN:86,(anonymous_1)
FN:89,(anonymous_2)
FNF:3
FNH:1
FNDA:0,(anonymous_0)
FNDA:1,(anonymous_1)
FNDA:0,(anonymous_2)
DA:1,1
DA:2,1
DA:3,1
DA:4,1
DA:5,1
DA:6,1
DA:7,1
DA:12,1
DA:13,1
DA:14,1
DA:19,1
DA:21,0
DA:26,1
DA:27,1
DA:85,1
DA:87,1
DA:88,1
DA:90,0
DA:93,1
LF:19
LH:17
BRF:0
BRH:0
end_of_record
TN:
SF:controllers\fuel.js
FN:9,(anonymous_0)
FN:20,(anonymous_1)
FNF:2
FNH:2
FNDA:1,(anonymous_0)
FNDA:1,(anonymous_1)
DA:1,1
DA:2,1
DA:3,1
DA:7,1
DA:9,1
DA:10,1
DA:12,1
DA:20,1
DA:27,1
DA:30,1
DA:31,1
DA:32,1
DA:33,1
DA:36,0
DA:38,1
DA:39,0
DA:42,1
DA:44,1
DA:45,1
DA:46,1
DA:48,1
DA:49,1
DA:50,1
DA:51,1
DA:52,1
DA:60,1
DA:62,0
DA:63,0
DA:70,1
DA:73,1
LF:30
LH:26
BRDA:10,0,0,1
BRDA:32,1,0,1
BRDA:32,1,1,0
BRDA:38,2,0,0
BRDA:38,2,1,1
BRDA:45,3,0,1
BRDA:45,3,1,0
BRF:7
BRH:4
end_of_record
TN:
SF:controllers\user.js
FN:27,(anonymous_0)
FN:55,(anonymous_1)
FN:76,(anonymous_2)
FN:122,(anonymous_3)
FN:158,(anonymous_4)
FNF:5
FNH:4
FNDA:3,(anonymous_0)
FNDA:0,(anonymous_1)
FNDA:2,(anonymous_2)
FNDA:3,(anonymous_3)
FNDA:7,(anonymous_4)
DA:1,1
DA:2,1
DA:3,1
DA:4,1
DA:8,1
DA:10,1
DA:11,1
DA:27,1
DA:28,3
DA:30,1
DA:36,1
DA:42,1
DA:55,1
DA:72,0
DA:76,1
DA:77,2
DA:78,2
DA:79,0
DA:80,0
DA:83,2
DA:95,2
DA:96,2
DA:98,2
DA:99,1
DA:100,1
DA:103,0
DA:104,0
DA:108,1
DA:109,1
DA:111,0
DA:112,0
DA:114,1
DA:115,0
DA:116,0
DA:119,1
DA:122,1
DA:123,3
DA:124,3
DA:125,0
DA:126,0
DA:129,3
DA:130,3
DA:131,1
DA:133,2
DA:134,1
DA:137,1
DA:138,1
DA:139,1
DA:143,1
DA:145,0
DA:153,1
DA:158,1
DA:159,7
DA:160,7
DA:161,0
DA:162,0
DA:164,7
DA:167,7
DA:168,1
DA:169,1
DA:171,6
DA:172,1
DA:173,1
DA:175,5
DA:176,1
DA:177,1
DA:179,4
DA:180,1
DA:181,1
DA:183,3
DA:184,1
DA:185,1
DA:187,2
DA:188,1
DA:189,1
DA:199,1
DA:200,1
DA:202,0
DA:205,1
DA:215,1
DA:216,1
DA:218,0
DA:220,1
DA:226,1
DA:227,1
DA:228,1
DA:229,1
LF:87
LH:71
BRDA:28,0,0,1
BRDA:28,0,1,1
BRDA:28,0,2,1
BRDA:78,1,0,0
BRDA:78,1,1,2
BRDA:98,2,0,1
BRDA:98,2,1,1
BRDA:114,3,0,0
BRDA:114,3,1,1
BRDA:124,4,0,0
BRDA:124,4,1,3
BRDA:130,5,0,1
BRDA:130,5,1,2
BRDA:133,6,0,1
BRDA:133,6,1,1
BRDA:160,7,0,0
BRDA:160,7,1,7
BRDA:167,8,0,1
BRDA:167,8,1,6
BRDA:171,9,0,1
BRDA:171,9,1,5
BRDA:175,10,0,1
BRDA:175,10,1,4
BRDA:179,11,0,1
BRDA:179,11,1,3
BRDA:183,12,0,1
BRDA:183,12,1,2
BRDA:187,13,0,1
BRDA:187,13,1,1
BRF:29
BRH:25
end_of_record
TN:
SF:models\quoteSchema.js
FNF:0
FNH:0
DA:1,1
DA:3,1
DA:13,1
DA:14,1
LF:4
LH:4
BRF:0
BRH:0
end_of_record
TN:
SF:models\userInfoSchema.js
FNF:0
FNH:0
DA:1,1
DA:3,1
DA:14,1
DA:15,1
LF:4
LH:4
BRF:0
BRH:0
end_of_record
TN:
SF:models\userSchema.js
FNF:0
FNH:0
DA:1,1
DA:3,1
DA:8,1
DA:9,1
LF:4
LH:4
BRF:0
BRH:0
end_of_record
TN:
SF:routes\fuelRoute.js
FNF:0
FNH:0
DA:1,1
DA:2,1
DA:3,1
DA:6,1
DA:8,1
LF:5
LH:5
BRF:0
BRH:0
end_of_record
TN:
SF:routes\userRoutes.js
FNF:0
FNH:0
DA:1,1
DA:2,1
DA:4,1
DA:8,1
DA:10,1
DA:12,1
DA:14,1
DA:16,1
LF:8
LH:8
BRF:0
BRH:0
end_of_record
